<?xml version="1.0" encoding="UTF-8"?>
<robot generator="Robot 5.0.1 (Python 3.10.6 on win32)" generated="20220922 19:40:04.512" rpa="false" schemaversion="3">
<suite id="s1" name="Radiobuttoncheckboxes" source="C:\Users\Vivek_Rajak\PycharmProjects\Robotframework\TestCases\radiobuttoncheckboxes.robot">
<test id="s1-t1" name="checkbox_radiobutton" line="7">
<kw name="Open Browser" library="SeleniumLibrary">
<arg>${url}</arg>
<arg>${browser}</arg>
<doc>Opens a new browser instance to the optional ``url``.</doc>
<msg timestamp="20220922 19:40:05.458" level="INFO">Opening browser 'chrome' to base url 'https://www.techlistic.com/p/selenium-practice-form.html'.</msg>
<status status="PASS" starttime="20220922 19:40:05.457" endtime="20220922 19:40:44.254"/>
</kw>
<kw name="Maximize Browser Window" library="SeleniumLibrary">
<doc>Maximizes current browser window.</doc>
<status status="PASS" starttime="20220922 19:40:44.255" endtime="20220922 19:40:44.425"/>
</kw>
<kw name="Set Selenium Speed" library="SeleniumLibrary">
<arg>2</arg>
<doc>Sets the delay that is waited after each Selenium command.</doc>
<status status="PASS" starttime="20220922 19:40:44.426" endtime="20220922 19:40:44.427"/>
</kw>
<kw name="Select Radio Button" library="SeleniumLibrary">
<arg>sex</arg>
<arg>Female</arg>
<doc>Sets the radio button group ``group_name`` to ``value``.</doc>
<msg timestamp="20220922 19:40:44.427" level="INFO">Selecting 'Female' from radio button 'sex'.</msg>
<status status="PASS" starttime="20220922 19:40:44.427" endtime="20220922 19:40:50.575"/>
</kw>
<kw name="Select Radio Button" library="SeleniumLibrary">
<arg>exp</arg>
<arg>4</arg>
<doc>Sets the radio button group ``group_name`` to ``value``.</doc>
<msg timestamp="20220922 19:40:50.576" level="INFO">Selecting '4' from radio button 'exp'.</msg>
<status status="PASS" starttime="20220922 19:40:50.575" endtime="20220922 19:40:56.851"/>
</kw>
<kw name="Select Checkbox" library="SeleniumLibrary">
<arg>Manual Tester</arg>
<doc>Selects the checkbox identified by ``locator``.</doc>
<msg timestamp="20220922 19:40:56.853" level="INFO">Selecting checkbox 'Manual Tester'.</msg>
<status status="PASS" starttime="20220922 19:40:56.852" endtime="20220922 19:41:05.116"/>
</kw>
<kw name="Select Checkbox" library="SeleniumLibrary">
<arg>QTP</arg>
<doc>Selects the checkbox identified by ``locator``.</doc>
<msg timestamp="20220922 19:41:05.121" level="INFO">Selecting checkbox 'QTP'.</msg>
<status status="PASS" starttime="20220922 19:41:05.120" endtime="20220922 19:41:13.316"/>
</kw>
<kw name="Select Checkbox" library="SeleniumLibrary">
<arg>Selenium Webdriver</arg>
<doc>Selects the checkbox identified by ``locator``.</doc>
<msg timestamp="20220922 19:41:13.318" level="INFO">Selecting checkbox 'Selenium Webdriver'.</msg>
<status status="PASS" starttime="20220922 19:41:13.317" endtime="20220922 19:41:21.499"/>
</kw>
<kw name="Unselect Checkbox" library="SeleniumLibrary">
<arg>Selenium Webdriver</arg>
<doc>Removes the selection of checkbox identified by ``locator``.</doc>
<msg timestamp="20220922 19:41:21.501" level="INFO">Unselecting checkbox 'Selenium Webdriver'.</msg>
<status status="PASS" starttime="20220922 19:41:21.501" endtime="20220922 19:41:31.797"/>
</kw>
<kw name="Close Browser" library="SeleniumLibrary">
<doc>Closes the current browser.</doc>
<status status="PASS" starttime="20220922 19:41:31.799" endtime="20220922 19:41:38.656"/>
</kw>
<status status="PASS" starttime="20220922 19:40:05.456" endtime="20220922 19:41:38.657"/>
</test>
<status status="PASS" starttime="20220922 19:40:04.519" endtime="20220922 19:41:38.664"/>
</suite>
<statistics>
<total>
<stat pass="1" fail="0" skip="0">All Tests</stat>
</total>
<tag>
</tag>
<suite>
<stat pass="1" fail="0" skip="0" id="s1" name="Radiobuttoncheckboxes">Radiobuttoncheckboxes</stat>
</suite>
</statistics>
<errors>
</errors>
</robot>
